2024-05-14T19:42:05.821+03:00  INFO 5756 --- [iis] [main] com.yumeinaruu.iis.IisApplication        : Starting IisApplication using Java 17.0.9 with PID 5756 (C:\Users\Yumeinaruu\IdeaProjects\iis\target\classes started by Yumeinaruu in C:\Users\Yumeinaruu\IdeaProjects\iis)
2024-05-14T19:42:05.826+03:00  INFO 5756 --- [iis] [main] com.yumeinaruu.iis.IisApplication        : No active profile set, falling back to 1 default profile: "default"
2024-05-14T19:42:07.194+03:00  INFO 5756 --- [iis] [main] .s.d.r.c.RepositoryConfigurationDelegate : Multiple Spring Data modules found, entering strict repository configuration mode
2024-05-14T19:42:07.196+03:00  INFO 5756 --- [iis] [main] .s.d.r.c.RepositoryConfigurationDelegate : Bootstrapping Spring Data JPA repositories in DEFAULT mode.
2024-05-14T19:42:07.393+03:00  INFO 5756 --- [iis] [main] .s.d.r.c.RepositoryConfigurationDelegate : Finished Spring Data repository scanning in 186 ms. Found 8 JPA repository interfaces.
2024-05-14T19:42:07.418+03:00  INFO 5756 --- [iis] [main] .s.d.r.c.RepositoryConfigurationDelegate : Multiple Spring Data modules found, entering strict repository configuration mode
2024-05-14T19:42:07.420+03:00  INFO 5756 --- [iis] [main] .s.d.r.c.RepositoryConfigurationDelegate : Bootstrapping Spring Data Redis repositories in DEFAULT mode.
2024-05-14T19:42:07.439+03:00  INFO 5756 --- [iis] [main] .RepositoryConfigurationExtensionSupport : Spring Data Redis - Could not safely identify store assignment for repository candidate interface com.yumeinaruu.iis.repository.DepartmentRepository; If you want this repository to be a Redis repository, consider annotating your entities with one of these annotations: org.springframework.data.redis.core.RedisHash (preferred), or consider extending one of the following types with your repository: org.springframework.data.keyvalue.repository.KeyValueRepository
2024-05-14T19:42:07.441+03:00  INFO 5756 --- [iis] [main] .RepositoryConfigurationExtensionSupport : Spring Data Redis - Could not safely identify store assignment for repository candidate interface com.yumeinaruu.iis.repository.FacultyRepository; If you want this repository to be a Redis repository, consider annotating your entities with one of these annotations: org.springframework.data.redis.core.RedisHash (preferred), or consider extending one of the following types with your repository: org.springframework.data.keyvalue.repository.KeyValueRepository
2024-05-14T19:42:07.442+03:00  INFO 5756 --- [iis] [main] .RepositoryConfigurationExtensionSupport : Spring Data Redis - Could not safely identify store assignment for repository candidate interface com.yumeinaruu.iis.repository.GroupRepository; If you want this repository to be a Redis repository, consider annotating your entities with one of these annotations: org.springframework.data.redis.core.RedisHash (preferred), or consider extending one of the following types with your repository: org.springframework.data.keyvalue.repository.KeyValueRepository
2024-05-14T19:42:07.443+03:00  INFO 5756 --- [iis] [main] .RepositoryConfigurationExtensionSupport : Spring Data Redis - Could not safely identify store assignment for repository candidate interface com.yumeinaruu.iis.repository.MarksRepository; If you want this repository to be a Redis repository, consider annotating your entities with one of these annotations: org.springframework.data.redis.core.RedisHash (preferred), or consider extending one of the following types with your repository: org.springframework.data.keyvalue.repository.KeyValueRepository
2024-05-14T19:42:07.443+03:00  INFO 5756 --- [iis] [main] .RepositoryConfigurationExtensionSupport : Spring Data Redis - Could not safely identify store assignment for repository candidate interface com.yumeinaruu.iis.repository.SpecialityRepository; If you want this repository to be a Redis repository, consider annotating your entities with one of these annotations: org.springframework.data.redis.core.RedisHash (preferred), or consider extending one of the following types with your repository: org.springframework.data.keyvalue.repository.KeyValueRepository
2024-05-14T19:42:07.444+03:00  INFO 5756 --- [iis] [main] .RepositoryConfigurationExtensionSupport : Spring Data Redis - Could not safely identify store assignment for repository candidate interface com.yumeinaruu.iis.repository.SubjectRepository; If you want this repository to be a Redis repository, consider annotating your entities with one of these annotations: org.springframework.data.redis.core.RedisHash (preferred), or consider extending one of the following types with your repository: org.springframework.data.keyvalue.repository.KeyValueRepository
2024-05-14T19:42:07.444+03:00  INFO 5756 --- [iis] [main] .RepositoryConfigurationExtensionSupport : Spring Data Redis - Could not safely identify store assignment for repository candidate interface com.yumeinaruu.iis.repository.UsersRepository; If you want this repository to be a Redis repository, consider annotating your entities with one of these annotations: org.springframework.data.redis.core.RedisHash (preferred), or consider extending one of the following types with your repository: org.springframework.data.keyvalue.repository.KeyValueRepository
2024-05-14T19:42:07.445+03:00  INFO 5756 --- [iis] [main] .RepositoryConfigurationExtensionSupport : Spring Data Redis - Could not safely identify store assignment for repository candidate interface com.yumeinaruu.iis.security.repository.SecurityRepository; If you want this repository to be a Redis repository, consider annotating your entities with one of these annotations: org.springframework.data.redis.core.RedisHash (preferred), or consider extending one of the following types with your repository: org.springframework.data.keyvalue.repository.KeyValueRepository
2024-05-14T19:42:07.446+03:00  INFO 5756 --- [iis] [main] .s.d.r.c.RepositoryConfigurationDelegate : Finished Spring Data repository scanning in 11 ms. Found 0 Redis repository interfaces.
2024-05-14T19:42:08.542+03:00  INFO 5756 --- [iis] [main] o.s.b.w.embedded.tomcat.TomcatWebServer  : Tomcat initialized with port 8080 (http)
2024-05-14T19:42:08.558+03:00  INFO 5756 --- [iis] [main] o.apache.catalina.core.StandardService   : Starting service [Tomcat]
2024-05-14T19:42:08.558+03:00  INFO 5756 --- [iis] [main] o.apache.catalina.core.StandardEngine    : Starting Servlet engine: [Apache Tomcat/10.1.20]
2024-05-14T19:42:08.627+03:00  INFO 5756 --- [iis] [main] o.a.c.c.C.[Tomcat].[localhost].[/]       : Initializing Spring embedded WebApplicationContext
2024-05-14T19:42:08.628+03:00  INFO 5756 --- [iis] [main] w.s.c.ServletWebServerApplicationContext : Root WebApplicationContext: initialization completed in 2746 ms
2024-05-14T19:42:09.495+03:00  INFO 5756 --- [iis] [main] com.zaxxer.hikari.HikariDataSource       : HikariPool-1 - Starting...
2024-05-14T19:42:09.686+03:00  INFO 5756 --- [iis] [main] com.zaxxer.hikari.pool.HikariPool        : HikariPool-1 - Added connection org.postgresql.jdbc.PgConnection@14e83c9d
2024-05-14T19:42:09.689+03:00  INFO 5756 --- [iis] [main] com.zaxxer.hikari.HikariDataSource       : HikariPool-1 - Start completed.
2024-05-14T19:42:09.738+03:00  INFO 5756 --- [iis] [main] o.hibernate.jpa.internal.util.LogHelper  : HHH000204: Processing PersistenceUnitInfo [name: default]
2024-05-14T19:42:09.834+03:00  INFO 5756 --- [iis] [main] org.hibernate.Version                    : HHH000412: Hibernate ORM core version 6.4.4.Final
2024-05-14T19:42:09.880+03:00  INFO 5756 --- [iis] [main] o.h.c.internal.RegionFactoryInitiator    : HHH000026: Second-level cache disabled
2024-05-14T19:42:10.134+03:00  INFO 5756 --- [iis] [main] o.s.o.j.p.SpringPersistenceUnitInfo      : No LoadTimeWeaver setup: ignoring JPA class transformer
2024-05-14T19:42:11.353+03:00  INFO 5756 --- [iis] [main] o.h.e.t.j.p.i.JtaPlatformInitiator       : HHH000489: No JTA platform available (set 'hibernate.transaction.jta.platform' to enable JTA platform integration)
2024-05-14T19:42:11.358+03:00  INFO 5756 --- [iis] [main] j.LocalContainerEntityManagerFactoryBean : Initialized JPA EntityManagerFactory for persistence unit 'default'
2024-05-14T19:42:12.702+03:00  WARN 5756 --- [iis] [main] JpaBaseConfiguration$JpaWebConfiguration : spring.jpa.open-in-view is enabled by default. Therefore, database queries may be performed during view rendering. Explicitly configure spring.jpa.open-in-view to disable this warning
2024-05-14T19:42:12.816+03:00  WARN 5756 --- [iis] [main] .s.s.UserDetailsServiceAutoConfiguration : 

Using generated security password: 90cffbee-c839-4e0a-8402-091b0981dd72

This generated password is for development use only. Your security configuration must be updated before running your application in production.

2024-05-14T19:42:13.962+03:00  INFO 5756 --- [iis] [main] o.s.b.a.e.web.EndpointLinksResolver      : Exposing 1 endpoint(s) beneath base path '/actuator'
2024-05-14T19:42:14.000+03:00  INFO 5756 --- [iis] [main] o.s.s.web.DefaultSecurityFilterChain     : Will secure any request with [org.springframework.security.web.session.DisableEncodeUrlFilter@7fece723, org.springframework.security.web.context.request.async.WebAsyncManagerIntegrationFilter@24af46dd, org.springframework.security.web.context.SecurityContextHolderFilter@1388c465, org.springframework.security.web.header.HeaderWriterFilter@234523e, org.springframework.web.filter.CorsFilter@6a76eef, org.springframework.security.web.authentication.logout.LogoutFilter@48715ab, com.yumeinaruu.iis.security.filter.JwtFilter@69aecbba, org.springframework.security.web.savedrequest.RequestCacheAwareFilter@fbd9b1f, org.springframework.security.web.servletapi.SecurityContextHolderAwareRequestFilter@6cd9cafb, org.springframework.security.web.authentication.AnonymousAuthenticationFilter@244cdad1, org.springframework.security.web.session.SessionManagementFilter@23707d5d, org.springframework.security.web.access.ExceptionTranslationFilter@56357e52]
2024-05-14T19:42:15.497+03:00  WARN 5756 --- [iis] [main] o.s.s.c.a.web.builders.WebSecurity       : You are asking Spring Security to ignore Ant [pattern='/v3/api-docs/**']. This is not recommended -- please use permitAll via HttpSecurity#authorizeHttpRequests instead.
2024-05-14T19:42:15.498+03:00  INFO 5756 --- [iis] [main] o.s.s.web.DefaultSecurityFilterChain     : Will not secure Ant [pattern='/v3/api-docs/**']
2024-05-14T19:42:15.498+03:00  WARN 5756 --- [iis] [main] o.s.s.c.a.web.builders.WebSecurity       : You are asking Spring Security to ignore Ant [pattern='/swagger-ui/**']. This is not recommended -- please use permitAll via HttpSecurity#authorizeHttpRequests instead.
2024-05-14T19:42:15.499+03:00  INFO 5756 --- [iis] [main] o.s.s.web.DefaultSecurityFilterChain     : Will not secure Ant [pattern='/swagger-ui/**']
2024-05-14T19:42:15.616+03:00  INFO 5756 --- [iis] [main] o.s.b.w.embedded.tomcat.TomcatWebServer  : Tomcat started on port 8080 (http) with context path ''
2024-05-14T19:42:15.630+03:00  INFO 5756 --- [iis] [main] com.yumeinaruu.iis.IisApplication        : Started IisApplication in 10.224 seconds (process running for 11.836)
2024-05-14T19:42:16.301+03:00  INFO 5756 --- [iis] [RMI TCP Connection(2)-192.168.100.10] o.a.c.c.C.[Tomcat].[localhost].[/]       : Initializing Spring DispatcherServlet 'dispatcherServlet'
2024-05-14T19:42:16.302+03:00  INFO 5756 --- [iis] [RMI TCP Connection(2)-192.168.100.10] o.s.web.servlet.DispatcherServlet        : Initializing Servlet 'dispatcherServlet'
2024-05-14T19:42:16.304+03:00  INFO 5756 --- [iis] [RMI TCP Connection(2)-192.168.100.10] o.s.web.servlet.DispatcherServlet        : Completed initialization in 2 ms
2024-05-14T19:42:47.932+03:00  WARN 5756 --- [iis] [http-nio-8080-exec-2] c.y.iis.security.service.JwtUtils        : Jwt exception occurred: io.jsonwebtoken.ExpiredJwtException: JWT expired at 2024-05-08T00:48:37Z. Current time: 2024-05-14T19:42:47Z, a difference of 586450931 milliseconds.  Allowed clock skew: 0 milliseconds.
2024-05-14T19:43:02.365+03:00  WARN 5756 --- [iis] [http-nio-8080-exec-4] c.y.iis.security.service.JwtUtils        : Jwt exception occurred: io.jsonwebtoken.ExpiredJwtException: JWT expired at 2024-05-08T00:48:37Z. Current time: 2024-05-14T19:43:02Z, a difference of 586465365 milliseconds.  Allowed clock skew: 0 milliseconds.
2024-05-14T19:43:16.147+03:00  INFO 5756 --- [iis] [http-nio-8080-exec-5] c.y.iis.security.filter.JwtFilter        : Authenticated user: Optional[stas.lisavoy@icloud.com]
2024-05-14T19:43:16.151+03:00  WARN 5756 --- [iis] [http-nio-8080-exec-5] .w.s.m.s.DefaultHandlerExceptionResolver : Resolved [org.springframework.http.converter.HttpMessageNotReadableException: Required request body is missing: public org.springframework.http.ResponseEntity<com.yumeinaruu.iis.model.Users> com.yumeinaruu.iis.controller.UsersController.getUserByName(com.yumeinaruu.iis.model.dto.users.UsersFindByNameDto,org.springframework.validation.BindingResult)]
2024-05-14T19:43:20.838+03:00  INFO 5756 --- [iis] [SpringApplicationShutdownHook] j.LocalContainerEntityManagerFactoryBean : Closing JPA EntityManagerFactory for persistence unit 'default'
2024-05-14T19:43:20.841+03:00  INFO 5756 --- [iis] [SpringApplicationShutdownHook] com.zaxxer.hikari.HikariDataSource       : HikariPool-1 - Shutdown initiated...
2024-05-14T19:43:20.848+03:00  INFO 5756 --- [iis] [SpringApplicationShutdownHook] com.zaxxer.hikari.HikariDataSource       : HikariPool-1 - Shutdown completed.
2024-05-14T19:43:24.873+03:00  INFO 28248 --- [iis] [main] com.yumeinaruu.iis.IisApplication        : Starting IisApplication using Java 17.0.9 with PID 28248 (C:\Users\Yumeinaruu\IdeaProjects\iis\target\classes started by Yumeinaruu in C:\Users\Yumeinaruu\IdeaProjects\iis)
2024-05-14T19:43:24.876+03:00  INFO 28248 --- [iis] [main] com.yumeinaruu.iis.IisApplication        : No active profile set, falling back to 1 default profile: "default"
2024-05-14T19:43:26.133+03:00  INFO 28248 --- [iis] [main] .s.d.r.c.RepositoryConfigurationDelegate : Multiple Spring Data modules found, entering strict repository configuration mode
2024-05-14T19:43:26.135+03:00  INFO 28248 --- [iis] [main] .s.d.r.c.RepositoryConfigurationDelegate : Bootstrapping Spring Data JPA repositories in DEFAULT mode.
2024-05-14T19:43:26.324+03:00  INFO 28248 --- [iis] [main] .s.d.r.c.RepositoryConfigurationDelegate : Finished Spring Data repository scanning in 180 ms. Found 8 JPA repository interfaces.
2024-05-14T19:43:26.345+03:00  INFO 28248 --- [iis] [main] .s.d.r.c.RepositoryConfigurationDelegate : Multiple Spring Data modules found, entering strict repository configuration mode
2024-05-14T19:43:26.348+03:00  INFO 28248 --- [iis] [main] .s.d.r.c.RepositoryConfigurationDelegate : Bootstrapping Spring Data Redis repositories in DEFAULT mode.
2024-05-14T19:43:26.367+03:00  INFO 28248 --- [iis] [main] .RepositoryConfigurationExtensionSupport : Spring Data Redis - Could not safely identify store assignment for repository candidate interface com.yumeinaruu.iis.repository.DepartmentRepository; If you want this repository to be a Redis repository, consider annotating your entities with one of these annotations: org.springframework.data.redis.core.RedisHash (preferred), or consider extending one of the following types with your repository: org.springframework.data.keyvalue.repository.KeyValueRepository
2024-05-14T19:43:26.368+03:00  INFO 28248 --- [iis] [main] .RepositoryConfigurationExtensionSupport : Spring Data Redis - Could not safely identify store assignment for repository candidate interface com.yumeinaruu.iis.repository.FacultyRepository; If you want this repository to be a Redis repository, consider annotating your entities with one of these annotations: org.springframework.data.redis.core.RedisHash (preferred), or consider extending one of the following types with your repository: org.springframework.data.keyvalue.repository.KeyValueRepository
2024-05-14T19:43:26.368+03:00  INFO 28248 --- [iis] [main] .RepositoryConfigurationExtensionSupport : Spring Data Redis - Could not safely identify store assignment for repository candidate interface com.yumeinaruu.iis.repository.GroupRepository; If you want this repository to be a Redis repository, consider annotating your entities with one of these annotations: org.springframework.data.redis.core.RedisHash (preferred), or consider extending one of the following types with your repository: org.springframework.data.keyvalue.repository.KeyValueRepository
2024-05-14T19:43:26.369+03:00  INFO 28248 --- [iis] [main] .RepositoryConfigurationExtensionSupport : Spring Data Redis - Could not safely identify store assignment for repository candidate interface com.yumeinaruu.iis.repository.MarksRepository; If you want this repository to be a Redis repository, consider annotating your entities with one of these annotations: org.springframework.data.redis.core.RedisHash (preferred), or consider extending one of the following types with your repository: org.springframework.data.keyvalue.repository.KeyValueRepository
2024-05-14T19:43:26.369+03:00  INFO 28248 --- [iis] [main] .RepositoryConfigurationExtensionSupport : Spring Data Redis - Could not safely identify store assignment for repository candidate interface com.yumeinaruu.iis.repository.SpecialityRepository; If you want this repository to be a Redis repository, consider annotating your entities with one of these annotations: org.springframework.data.redis.core.RedisHash (preferred), or consider extending one of the following types with your repository: org.springframework.data.keyvalue.repository.KeyValueRepository
2024-05-14T19:43:26.369+03:00  INFO 28248 --- [iis] [main] .RepositoryConfigurationExtensionSupport : Spring Data Redis - Could not safely identify store assignment for repository candidate interface com.yumeinaruu.iis.repository.SubjectRepository; If you want this repository to be a Redis repository, consider annotating your entities with one of these annotations: org.springframework.data.redis.core.RedisHash (preferred), or consider extending one of the following types with your repository: org.springframework.data.keyvalue.repository.KeyValueRepository
2024-05-14T19:43:26.369+03:00  INFO 28248 --- [iis] [main] .RepositoryConfigurationExtensionSupport : Spring Data Redis - Could not safely identify store assignment for repository candidate interface com.yumeinaruu.iis.repository.UsersRepository; If you want this repository to be a Redis repository, consider annotating your entities with one of these annotations: org.springframework.data.redis.core.RedisHash (preferred), or consider extending one of the following types with your repository: org.springframework.data.keyvalue.repository.KeyValueRepository
2024-05-14T19:43:26.369+03:00  INFO 28248 --- [iis] [main] .RepositoryConfigurationExtensionSupport : Spring Data Redis - Could not safely identify store assignment for repository candidate interface com.yumeinaruu.iis.security.repository.SecurityRepository; If you want this repository to be a Redis repository, consider annotating your entities with one of these annotations: org.springframework.data.redis.core.RedisHash (preferred), or consider extending one of the following types with your repository: org.springframework.data.keyvalue.repository.KeyValueRepository
2024-05-14T19:43:26.369+03:00  INFO 28248 --- [iis] [main] .s.d.r.c.RepositoryConfigurationDelegate : Finished Spring Data repository scanning in 9 ms. Found 0 Redis repository interfaces.
2024-05-14T19:43:27.456+03:00  INFO 28248 --- [iis] [main] o.s.b.w.embedded.tomcat.TomcatWebServer  : Tomcat initialized with port 8080 (http)
2024-05-14T19:43:27.470+03:00  INFO 28248 --- [iis] [main] o.apache.catalina.core.StandardService   : Starting service [Tomcat]
2024-05-14T19:43:27.470+03:00  INFO 28248 --- [iis] [main] o.apache.catalina.core.StandardEngine    : Starting Servlet engine: [Apache Tomcat/10.1.20]
2024-05-14T19:43:27.537+03:00  INFO 28248 --- [iis] [main] o.a.c.c.C.[Tomcat].[localhost].[/]       : Initializing Spring embedded WebApplicationContext
2024-05-14T19:43:27.538+03:00  INFO 28248 --- [iis] [main] w.s.c.ServletWebServerApplicationContext : Root WebApplicationContext: initialization completed in 2609 ms
2024-05-14T19:43:28.352+03:00  INFO 28248 --- [iis] [main] com.zaxxer.hikari.HikariDataSource       : HikariPool-1 - Starting...
2024-05-14T19:43:28.516+03:00  INFO 28248 --- [iis] [main] com.zaxxer.hikari.pool.HikariPool        : HikariPool-1 - Added connection org.postgresql.jdbc.PgConnection@3e149513
2024-05-14T19:43:28.517+03:00  INFO 28248 --- [iis] [main] com.zaxxer.hikari.HikariDataSource       : HikariPool-1 - Start completed.
2024-05-14T19:43:28.557+03:00  INFO 28248 --- [iis] [main] o.hibernate.jpa.internal.util.LogHelper  : HHH000204: Processing PersistenceUnitInfo [name: default]
2024-05-14T19:43:28.615+03:00  INFO 28248 --- [iis] [main] org.hibernate.Version                    : HHH000412: Hibernate ORM core version 6.4.4.Final
2024-05-14T19:43:28.661+03:00  INFO 28248 --- [iis] [main] o.h.c.internal.RegionFactoryInitiator    : HHH000026: Second-level cache disabled
2024-05-14T19:43:28.925+03:00  INFO 28248 --- [iis] [main] o.s.o.j.p.SpringPersistenceUnitInfo      : No LoadTimeWeaver setup: ignoring JPA class transformer
2024-05-14T19:43:30.195+03:00  INFO 28248 --- [iis] [main] o.h.e.t.j.p.i.JtaPlatformInitiator       : HHH000489: No JTA platform available (set 'hibernate.transaction.jta.platform' to enable JTA platform integration)
2024-05-14T19:43:30.200+03:00  INFO 28248 --- [iis] [main] j.LocalContainerEntityManagerFactoryBean : Initialized JPA EntityManagerFactory for persistence unit 'default'
2024-05-14T19:43:31.610+03:00  WARN 28248 --- [iis] [main] JpaBaseConfiguration$JpaWebConfiguration : spring.jpa.open-in-view is enabled by default. Therefore, database queries may be performed during view rendering. Explicitly configure spring.jpa.open-in-view to disable this warning
2024-05-14T19:43:31.737+03:00  WARN 28248 --- [iis] [main] .s.s.UserDetailsServiceAutoConfiguration : 

Using generated security password: 6fa1eea4-f969-4fda-b0ed-ceb6d70f3146

This generated password is for development use only. Your security configuration must be updated before running your application in production.

2024-05-14T19:43:32.987+03:00  INFO 28248 --- [iis] [main] o.s.b.a.e.web.EndpointLinksResolver      : Exposing 1 endpoint(s) beneath base path '/actuator'
2024-05-14T19:43:33.181+03:00  INFO 28248 --- [iis] [main] o.s.s.web.DefaultSecurityFilterChain     : Will secure any request with [org.springframework.security.web.session.DisableEncodeUrlFilter@71c31fdd, org.springframework.security.web.context.request.async.WebAsyncManagerIntegrationFilter@323ebcc6, org.springframework.security.web.context.SecurityContextHolderFilter@6df37cc4, org.springframework.security.web.header.HeaderWriterFilter@57441348, org.springframework.web.filter.CorsFilter@7bca7b6c, org.springframework.security.web.authentication.logout.LogoutFilter@4b29f03e, com.yumeinaruu.iis.security.filter.JwtFilter@196c8b93, org.springframework.security.web.savedrequest.RequestCacheAwareFilter@489f5b24, org.springframework.security.web.servletapi.SecurityContextHolderAwareRequestFilter@6631e6af, org.springframework.security.web.authentication.AnonymousAuthenticationFilter@7a0c046e, org.springframework.security.web.session.SessionManagementFilter@698df5e8, org.springframework.security.web.access.ExceptionTranslationFilter@475cb91b]
2024-05-14T19:43:35.998+03:00  WARN 28248 --- [iis] [main] o.s.s.c.a.web.builders.WebSecurity       : You are asking Spring Security to ignore Ant [pattern='/v3/api-docs/**']. This is not recommended -- please use permitAll via HttpSecurity#authorizeHttpRequests instead.
2024-05-14T19:43:35.999+03:00  INFO 28248 --- [iis] [main] o.s.s.web.DefaultSecurityFilterChain     : Will not secure Ant [pattern='/v3/api-docs/**']
2024-05-14T19:43:35.999+03:00  WARN 28248 --- [iis] [main] o.s.s.c.a.web.builders.WebSecurity       : You are asking Spring Security to ignore Ant [pattern='/swagger-ui/**']. This is not recommended -- please use permitAll via HttpSecurity#authorizeHttpRequests instead.
2024-05-14T19:43:36.000+03:00  INFO 28248 --- [iis] [main] o.s.s.web.DefaultSecurityFilterChain     : Will not secure Ant [pattern='/swagger-ui/**']
2024-05-14T19:43:36.142+03:00  INFO 28248 --- [iis] [main] o.s.b.w.embedded.tomcat.TomcatWebServer  : Tomcat started on port 8080 (http) with context path ''
2024-05-14T19:43:36.156+03:00  INFO 28248 --- [iis] [main] com.yumeinaruu.iis.IisApplication        : Started IisApplication in 11.745 seconds (process running for 13.334)
2024-05-14T19:43:36.910+03:00  INFO 28248 --- [iis] [RMI TCP Connection(6)-192.168.100.10] o.a.c.c.C.[Tomcat].[localhost].[/]       : Initializing Spring DispatcherServlet 'dispatcherServlet'
2024-05-14T19:43:36.911+03:00  INFO 28248 --- [iis] [RMI TCP Connection(6)-192.168.100.10] o.s.web.servlet.DispatcherServlet        : Initializing Servlet 'dispatcherServlet'
2024-05-14T19:43:36.917+03:00  INFO 28248 --- [iis] [RMI TCP Connection(6)-192.168.100.10] o.s.web.servlet.DispatcherServlet        : Completed initialization in 3 ms
2024-05-14T19:43:38.983+03:00  WARN 28248 --- [iis] [http-nio-8080-exec-2] c.y.iis.security.service.JwtUtils        : Jwt exception occurred: io.jsonwebtoken.ExpiredJwtException: JWT expired at 2024-05-08T00:48:37Z. Current time: 2024-05-14T19:43:38Z, a difference of 586501982 milliseconds.  Allowed clock skew: 0 milliseconds.
2024-05-14T19:43:52.657+03:00  INFO 28248 --- [iis] [http-nio-8080-exec-3] c.y.iis.security.filter.JwtFilter        : Authenticated user: Optional[stas.lisavoy@icloud.com]
2024-05-14T19:43:52.662+03:00  WARN 28248 --- [iis] [http-nio-8080-exec-3] .w.s.m.s.DefaultHandlerExceptionResolver : Resolved [org.springframework.http.converter.HttpMessageNotReadableException: Required request body is missing: public org.springframework.http.ResponseEntity<com.yumeinaruu.iis.model.Users> com.yumeinaruu.iis.controller.UsersController.getUserByName(com.yumeinaruu.iis.model.dto.users.UsersFindByNameDto,org.springframework.validation.BindingResult)]
2024-05-14T19:43:55.026+03:00  INFO 28248 --- [iis] [http-nio-8080-exec-4] c.y.iis.security.filter.JwtFilter        : Authenticated user: Optional[stas.lisavoy@icloud.com]
2024-05-14T19:43:55.028+03:00  WARN 28248 --- [iis] [http-nio-8080-exec-4] .w.s.m.s.DefaultHandlerExceptionResolver : Resolved [org.springframework.http.converter.HttpMessageNotReadableException: Required request body is missing: public org.springframework.http.ResponseEntity<com.yumeinaruu.iis.model.Users> com.yumeinaruu.iis.controller.UsersController.getUserByName(com.yumeinaruu.iis.model.dto.users.UsersFindByNameDto,org.springframework.validation.BindingResult)]
2024-05-14T19:43:55.328+03:00  INFO 28248 --- [iis] [http-nio-8080-exec-10] c.y.iis.security.filter.JwtFilter        : Authenticated user: Optional[stas.lisavoy@icloud.com]
2024-05-14T19:43:55.334+03:00  WARN 28248 --- [iis] [http-nio-8080-exec-10] .w.s.m.s.DefaultHandlerExceptionResolver : Resolved [org.springframework.http.converter.HttpMessageNotReadableException: Required request body is missing: public org.springframework.http.ResponseEntity<com.yumeinaruu.iis.model.Users> com.yumeinaruu.iis.controller.UsersController.getUserByName(com.yumeinaruu.iis.model.dto.users.UsersFindByNameDto,org.springframework.validation.BindingResult)]
2024-05-14T19:43:55.988+03:00  INFO 28248 --- [iis] [http-nio-8080-exec-7] c.y.iis.security.filter.JwtFilter        : Authenticated user: Optional[stas.lisavoy@icloud.com]
2024-05-14T19:43:55.990+03:00  WARN 28248 --- [iis] [http-nio-8080-exec-7] .w.s.m.s.DefaultHandlerExceptionResolver : Resolved [org.springframework.http.converter.HttpMessageNotReadableException: Required request body is missing: public org.springframework.http.ResponseEntity<com.yumeinaruu.iis.model.Users> com.yumeinaruu.iis.controller.UsersController.getUserByName(com.yumeinaruu.iis.model.dto.users.UsersFindByNameDto,org.springframework.validation.BindingResult)]
2024-05-14T19:45:59.601+03:00  INFO 28248 --- [iis] [SpringApplicationShutdownHook] j.LocalContainerEntityManagerFactoryBean : Closing JPA EntityManagerFactory for persistence unit 'default'
2024-05-14T19:45:59.603+03:00  INFO 28248 --- [iis] [SpringApplicationShutdownHook] com.zaxxer.hikari.HikariDataSource       : HikariPool-1 - Shutdown initiated...
2024-05-14T19:45:59.606+03:00  INFO 28248 --- [iis] [SpringApplicationShutdownHook] com.zaxxer.hikari.HikariDataSource       : HikariPool-1 - Shutdown completed.
2024-05-14T19:46:03.944+03:00  INFO 27032 --- [iis] [main] com.yumeinaruu.iis.IisApplication        : Starting IisApplication using Java 17.0.9 with PID 27032 (C:\Users\Yumeinaruu\IdeaProjects\iis\target\classes started by Yumeinaruu in C:\Users\Yumeinaruu\IdeaProjects\iis)
2024-05-14T19:46:03.947+03:00  INFO 27032 --- [iis] [main] com.yumeinaruu.iis.IisApplication        : No active profile set, falling back to 1 default profile: "default"
2024-05-14T19:46:05.184+03:00  INFO 27032 --- [iis] [main] .s.d.r.c.RepositoryConfigurationDelegate : Multiple Spring Data modules found, entering strict repository configuration mode
2024-05-14T19:46:05.185+03:00  INFO 27032 --- [iis] [main] .s.d.r.c.RepositoryConfigurationDelegate : Bootstrapping Spring Data JPA repositories in DEFAULT mode.
2024-05-14T19:46:05.351+03:00  INFO 27032 --- [iis] [main] .s.d.r.c.RepositoryConfigurationDelegate : Finished Spring Data repository scanning in 156 ms. Found 8 JPA repository interfaces.
2024-05-14T19:46:05.367+03:00  INFO 27032 --- [iis] [main] .s.d.r.c.RepositoryConfigurationDelegate : Multiple Spring Data modules found, entering strict repository configuration mode
2024-05-14T19:46:05.370+03:00  INFO 27032 --- [iis] [main] .s.d.r.c.RepositoryConfigurationDelegate : Bootstrapping Spring Data Redis repositories in DEFAULT mode.
2024-05-14T19:46:05.384+03:00  INFO 27032 --- [iis] [main] .RepositoryConfigurationExtensionSupport : Spring Data Redis - Could not safely identify store assignment for repository candidate interface com.yumeinaruu.iis.repository.DepartmentRepository; If you want this repository to be a Redis repository, consider annotating your entities with one of these annotations: org.springframework.data.redis.core.RedisHash (preferred), or consider extending one of the following types with your repository: org.springframework.data.keyvalue.repository.KeyValueRepository
2024-05-14T19:46:05.385+03:00  INFO 27032 --- [iis] [main] .RepositoryConfigurationExtensionSupport : Spring Data Redis - Could not safely identify store assignment for repository candidate interface com.yumeinaruu.iis.repository.FacultyRepository; If you want this repository to be a Redis repository, consider annotating your entities with one of these annotations: org.springframework.data.redis.core.RedisHash (preferred), or consider extending one of the following types with your repository: org.springframework.data.keyvalue.repository.KeyValueRepository
2024-05-14T19:46:05.386+03:00  INFO 27032 --- [iis] [main] .RepositoryConfigurationExtensionSupport : Spring Data Redis - Could not safely identify store assignment for repository candidate interface com.yumeinaruu.iis.repository.GroupRepository; If you want this repository to be a Redis repository, consider annotating your entities with one of these annotations: org.springframework.data.redis.core.RedisHash (preferred), or consider extending one of the following types with your repository: org.springframework.data.keyvalue.repository.KeyValueRepository
2024-05-14T19:46:05.386+03:00  INFO 27032 --- [iis] [main] .RepositoryConfigurationExtensionSupport : Spring Data Redis - Could not safely identify store assignment for repository candidate interface com.yumeinaruu.iis.repository.MarksRepository; If you want this repository to be a Redis repository, consider annotating your entities with one of these annotations: org.springframework.data.redis.core.RedisHash (preferred), or consider extending one of the following types with your repository: org.springframework.data.keyvalue.repository.KeyValueRepository
2024-05-14T19:46:05.387+03:00  INFO 27032 --- [iis] [main] .RepositoryConfigurationExtensionSupport : Spring Data Redis - Could not safely identify store assignment for repository candidate interface com.yumeinaruu.iis.repository.SpecialityRepository; If you want this repository to be a Redis repository, consider annotating your entities with one of these annotations: org.springframework.data.redis.core.RedisHash (preferred), or consider extending one of the following types with your repository: org.springframework.data.keyvalue.repository.KeyValueRepository
2024-05-14T19:46:05.387+03:00  INFO 27032 --- [iis] [main] .RepositoryConfigurationExtensionSupport : Spring Data Redis - Could not safely identify store assignment for repository candidate interface com.yumeinaruu.iis.repository.SubjectRepository; If you want this repository to be a Redis repository, consider annotating your entities with one of these annotations: org.springframework.data.redis.core.RedisHash (preferred), or consider extending one of the following types with your repository: org.springframework.data.keyvalue.repository.KeyValueRepository
2024-05-14T19:46:05.387+03:00  INFO 27032 --- [iis] [main] .RepositoryConfigurationExtensionSupport : Spring Data Redis - Could not safely identify store assignment for repository candidate interface com.yumeinaruu.iis.repository.UsersRepository; If you want this repository to be a Redis repository, consider annotating your entities with one of these annotations: org.springframework.data.redis.core.RedisHash (preferred), or consider extending one of the following types with your repository: org.springframework.data.keyvalue.repository.KeyValueRepository
2024-05-14T19:46:05.388+03:00  INFO 27032 --- [iis] [main] .RepositoryConfigurationExtensionSupport : Spring Data Redis - Could not safely identify store assignment for repository candidate interface com.yumeinaruu.iis.security.repository.SecurityRepository; If you want this repository to be a Redis repository, consider annotating your entities with one of these annotations: org.springframework.data.redis.core.RedisHash (preferred), or consider extending one of the following types with your repository: org.springframework.data.keyvalue.repository.KeyValueRepository
2024-05-14T19:46:05.388+03:00  INFO 27032 --- [iis] [main] .s.d.r.c.RepositoryConfigurationDelegate : Finished Spring Data repository scanning in 8 ms. Found 0 Redis repository interfaces.
2024-05-14T19:46:06.453+03:00  INFO 27032 --- [iis] [main] o.s.b.w.embedded.tomcat.TomcatWebServer  : Tomcat initialized with port 8080 (http)
2024-05-14T19:46:06.466+03:00  INFO 27032 --- [iis] [main] o.apache.catalina.core.StandardService   : Starting service [Tomcat]
2024-05-14T19:46:06.466+03:00  INFO 27032 --- [iis] [main] o.apache.catalina.core.StandardEngine    : Starting Servlet engine: [Apache Tomcat/10.1.20]
2024-05-14T19:46:06.537+03:00  INFO 27032 --- [iis] [main] o.a.c.c.C.[Tomcat].[localhost].[/]       : Initializing Spring embedded WebApplicationContext
2024-05-14T19:46:06.537+03:00  INFO 27032 --- [iis] [main] w.s.c.ServletWebServerApplicationContext : Root WebApplicationContext: initialization completed in 2527 ms
2024-05-14T19:46:07.342+03:00  INFO 27032 --- [iis] [main] com.zaxxer.hikari.HikariDataSource       : HikariPool-1 - Starting...
2024-05-14T19:46:07.514+03:00  INFO 27032 --- [iis] [main] com.zaxxer.hikari.pool.HikariPool        : HikariPool-1 - Added connection org.postgresql.jdbc.PgConnection@19de32cb
2024-05-14T19:46:07.516+03:00  INFO 27032 --- [iis] [main] com.zaxxer.hikari.HikariDataSource       : HikariPool-1 - Start completed.
2024-05-14T19:46:07.566+03:00  INFO 27032 --- [iis] [main] o.hibernate.jpa.internal.util.LogHelper  : HHH000204: Processing PersistenceUnitInfo [name: default]
2024-05-14T19:46:07.629+03:00  INFO 27032 --- [iis] [main] org.hibernate.Version                    : HHH000412: Hibernate ORM core version 6.4.4.Final
2024-05-14T19:46:07.673+03:00  INFO 27032 --- [iis] [main] o.h.c.internal.RegionFactoryInitiator    : HHH000026: Second-level cache disabled
2024-05-14T19:46:07.893+03:00  INFO 27032 --- [iis] [main] o.s.o.j.p.SpringPersistenceUnitInfo      : No LoadTimeWeaver setup: ignoring JPA class transformer
2024-05-14T19:46:09.085+03:00  INFO 27032 --- [iis] [main] o.h.e.t.j.p.i.JtaPlatformInitiator       : HHH000489: No JTA platform available (set 'hibernate.transaction.jta.platform' to enable JTA platform integration)
2024-05-14T19:46:09.090+03:00  INFO 27032 --- [iis] [main] j.LocalContainerEntityManagerFactoryBean : Initialized JPA EntityManagerFactory for persistence unit 'default'
2024-05-14T19:46:10.501+03:00  WARN 27032 --- [iis] [main] JpaBaseConfiguration$JpaWebConfiguration : spring.jpa.open-in-view is enabled by default. Therefore, database queries may be performed during view rendering. Explicitly configure spring.jpa.open-in-view to disable this warning
2024-05-14T19:46:10.613+03:00  WARN 27032 --- [iis] [main] .s.s.UserDetailsServiceAutoConfiguration : 

Using generated security password: 279b7305-da7a-4340-adee-071d1c631038

This generated password is for development use only. Your security configuration must be updated before running your application in production.

2024-05-14T19:46:11.793+03:00  INFO 27032 --- [iis] [main] o.s.b.a.e.web.EndpointLinksResolver      : Exposing 1 endpoint(s) beneath base path '/actuator'
2024-05-14T19:46:11.836+03:00  INFO 27032 --- [iis] [main] o.s.s.web.DefaultSecurityFilterChain     : Will secure any request with [org.springframework.security.web.session.DisableEncodeUrlFilter@690506b0, org.springframework.security.web.context.request.async.WebAsyncManagerIntegrationFilter@4f29bbde, org.springframework.security.web.context.SecurityContextHolderFilter@c39ebcf, org.springframework.security.web.header.HeaderWriterFilter@5064988, org.springframework.web.filter.CorsFilter@47d9bdf4, org.springframework.security.web.authentication.logout.LogoutFilter@73605fde, com.yumeinaruu.iis.security.filter.JwtFilter@29cd48bd, org.springframework.security.web.savedrequest.RequestCacheAwareFilter@706dd38b, org.springframework.security.web.servletapi.SecurityContextHolderAwareRequestFilter@e68c09d, org.springframework.security.web.authentication.AnonymousAuthenticationFilter@31a266e0, org.springframework.security.web.session.SessionManagementFilter@3b4aeacd, org.springframework.security.web.access.ExceptionTranslationFilter@1388c465]
2024-05-14T19:46:13.461+03:00  WARN 27032 --- [iis] [main] o.s.s.c.a.web.builders.WebSecurity       : You are asking Spring Security to ignore Ant [pattern='/v3/api-docs/**']. This is not recommended -- please use permitAll via HttpSecurity#authorizeHttpRequests instead.
2024-05-14T19:46:13.461+03:00  INFO 27032 --- [iis] [main] o.s.s.web.DefaultSecurityFilterChain     : Will not secure Ant [pattern='/v3/api-docs/**']
2024-05-14T19:46:13.461+03:00  WARN 27032 --- [iis] [main] o.s.s.c.a.web.builders.WebSecurity       : You are asking Spring Security to ignore Ant [pattern='/swagger-ui/**']. This is not recommended -- please use permitAll via HttpSecurity#authorizeHttpRequests instead.
2024-05-14T19:46:13.462+03:00  INFO 27032 --- [iis] [main] o.s.s.web.DefaultSecurityFilterChain     : Will not secure Ant [pattern='/swagger-ui/**']
2024-05-14T19:46:13.588+03:00  INFO 27032 --- [iis] [main] o.s.b.w.embedded.tomcat.TomcatWebServer  : Tomcat started on port 8080 (http) with context path ''
2024-05-14T19:46:13.603+03:00  INFO 27032 --- [iis] [main] com.yumeinaruu.iis.IisApplication        : Started IisApplication in 10.089 seconds (process running for 10.804)
2024-05-14T19:46:13.935+03:00  INFO 27032 --- [iis] [RMI TCP Connection(3)-192.168.100.10] o.a.c.c.C.[Tomcat].[localhost].[/]       : Initializing Spring DispatcherServlet 'dispatcherServlet'
2024-05-14T19:46:13.936+03:00  INFO 27032 --- [iis] [RMI TCP Connection(3)-192.168.100.10] o.s.web.servlet.DispatcherServlet        : Initializing Servlet 'dispatcherServlet'
2024-05-14T19:46:13.942+03:00  INFO 27032 --- [iis] [RMI TCP Connection(3)-192.168.100.10] o.s.web.servlet.DispatcherServlet        : Completed initialization in 5 ms
2024-05-14T19:46:17.311+03:00  WARN 27032 --- [iis] [http-nio-8080-exec-3] c.y.iis.security.service.JwtUtils        : Jwt exception occurred: io.jsonwebtoken.ExpiredJwtException: JWT expired at 2024-05-08T00:48:37Z. Current time: 2024-05-14T19:46:17Z, a difference of 586660310 milliseconds.  Allowed clock skew: 0 milliseconds.
2024-05-14T19:46:28.562+03:00  INFO 27032 --- [iis] [http-nio-8080-exec-2] c.y.iis.security.filter.JwtFilter        : Authenticated user: Optional[stas.lisavoy@icloud.com]
2024-05-14T19:46:28.566+03:00  WARN 27032 --- [iis] [http-nio-8080-exec-2] .w.s.m.s.DefaultHandlerExceptionResolver : Resolved [org.springframework.web.HttpRequestMethodNotSupportedException: Request method 'GET' is not supported]
2024-05-14T19:46:33.213+03:00  INFO 27032 --- [iis] [http-nio-8080-exec-3] o.springdoc.api.AbstractOpenApiResource  : Init duration for springdoc-openapi is: 485 ms
2024-05-14T19:46:46.300+03:00  INFO 27032 --- [iis] [http-nio-8080-exec-2] c.y.iis.security.filter.JwtFilter        : Authenticated user: Optional[stas.lisavoy@icloud.com]
2024-05-14T19:47:07.448+03:00  INFO 27032 --- [iis] [SpringApplicationShutdownHook] j.LocalContainerEntityManagerFactoryBean : Closing JPA EntityManagerFactory for persistence unit 'default'
2024-05-14T19:47:07.450+03:00  INFO 27032 --- [iis] [SpringApplicationShutdownHook] com.zaxxer.hikari.HikariDataSource       : HikariPool-1 - Shutdown initiated...
2024-05-14T19:47:07.456+03:00  INFO 27032 --- [iis] [SpringApplicationShutdownHook] com.zaxxer.hikari.HikariDataSource       : HikariPool-1 - Shutdown completed.
